[2025-02-20 21:29:41,160] multiqc.core.file_search                           [INFO   ]  Search path: /Users/dhusiakalyani/flowQC/NextflowQC/work/f5/7e15bd5408c974bf11533abd7d8287/UHR_Rep2_ERCC.read2_fastqc.html
[2025-02-20 21:29:41,162] multiqc.core.file_search                           [INFO   ]  Search path: /Users/dhusiakalyani/flowQC/NextflowQC/work/f5/7e15bd5408c974bf11533abd7d8287/UHR_Rep2_ERCC.read2_fastqc.zip
[2025-02-20 21:29:41,162] multiqc.core.file_search                           [INFO   ]  Search path: /Users/dhusiakalyani/flowQC/NextflowQC/work/f5/7e15bd5408c974bf11533abd7d8287/HBR_Rep2_ERCC.read1_fastqc.html
[2025-02-20 21:29:41,162] multiqc.core.file_search                           [INFO   ]  Search path: /Users/dhusiakalyani/flowQC/NextflowQC/work/f5/7e15bd5408c974bf11533abd7d8287/HBR_Rep2_ERCC.read1_fastqc.zip
[2025-02-20 21:29:41,162] multiqc.core.file_search                           [INFO   ]  Search path: /Users/dhusiakalyani/flowQC/NextflowQC/work/f5/7e15bd5408c974bf11533abd7d8287/HBR_Rep3_ERCC.read1_fastqc.html
[2025-02-20 21:29:41,162] multiqc.core.file_search                           [INFO   ]  Search path: /Users/dhusiakalyani/flowQC/NextflowQC/work/f5/7e15bd5408c974bf11533abd7d8287/HBR_Rep3_ERCC.read1_fastqc.zip
[2025-02-20 21:29:41,163] multiqc.core.file_search                           [INFO   ]  Search path: /Users/dhusiakalyani/flowQC/NextflowQC/work/f5/7e15bd5408c974bf11533abd7d8287/HBR_Rep1_ERCC.read2_fastqc.html
[2025-02-20 21:29:41,163] multiqc.core.file_search                           [INFO   ]  Search path: /Users/dhusiakalyani/flowQC/NextflowQC/work/f5/7e15bd5408c974bf11533abd7d8287/HBR_Rep1_ERCC.read2_fastqc.zip
[2025-02-20 21:29:41,163] multiqc.core.file_search                           [INFO   ]  Search path: /Users/dhusiakalyani/flowQC/NextflowQC/work/f5/7e15bd5408c974bf11533abd7d8287/HBR_Rep2_ERCC.read2_fastqc.html
[2025-02-20 21:29:41,163] multiqc.core.file_search                           [INFO   ]  Search path: /Users/dhusiakalyani/flowQC/NextflowQC/work/f5/7e15bd5408c974bf11533abd7d8287/HBR_Rep2_ERCC.read2_fastqc.zip
[2025-02-20 21:29:41,163] multiqc.core.file_search                           [INFO   ]  Search path: /Users/dhusiakalyani/flowQC/NextflowQC/work/f5/7e15bd5408c974bf11533abd7d8287/HBR_Rep3_ERCC.read2_fastqc.html
[2025-02-20 21:29:41,163] multiqc.core.file_search                           [INFO   ]  Search path: /Users/dhusiakalyani/flowQC/NextflowQC/work/f5/7e15bd5408c974bf11533abd7d8287/HBR_Rep3_ERCC.read2_fastqc.zip
[2025-02-20 21:29:41,163] multiqc.core.file_search                           [INFO   ]  Search path: /Users/dhusiakalyani/flowQC/NextflowQC/work/f5/7e15bd5408c974bf11533abd7d8287/UHR_Rep3_ERCC.read2_fastqc.html
[2025-02-20 21:29:41,164] multiqc.core.file_search                           [INFO   ]  Search path: /Users/dhusiakalyani/flowQC/NextflowQC/work/f5/7e15bd5408c974bf11533abd7d8287/UHR_Rep3_ERCC.read2_fastqc.zip
[2025-02-20 21:29:41,164] multiqc.core.file_search                           [INFO   ]  Search path: /Users/dhusiakalyani/flowQC/NextflowQC/work/f5/7e15bd5408c974bf11533abd7d8287/UHR_Rep3_ERCC.read1_fastqc.html
[2025-02-20 21:29:41,164] multiqc.core.file_search                           [INFO   ]  Search path: /Users/dhusiakalyani/flowQC/NextflowQC/work/f5/7e15bd5408c974bf11533abd7d8287/UHR_Rep3_ERCC.read1_fastqc.zip
[2025-02-20 21:29:41,164] multiqc.core.file_search                           [INFO   ]  Search path: /Users/dhusiakalyani/flowQC/NextflowQC/work/f5/7e15bd5408c974bf11533abd7d8287/UHR_Rep2_ERCC.read1_fastqc.html
[2025-02-20 21:29:41,164] multiqc.core.file_search                           [INFO   ]  Search path: /Users/dhusiakalyani/flowQC/NextflowQC/work/f5/7e15bd5408c974bf11533abd7d8287/UHR_Rep2_ERCC.read1_fastqc.zip
[2025-02-20 21:29:41,164] multiqc.core.file_search                           [INFO   ]  Search path: /Users/dhusiakalyani/flowQC/NextflowQC/work/f5/7e15bd5408c974bf11533abd7d8287/UHR_Rep1_ERCC.read2_fastqc.html
[2025-02-20 21:29:41,164] multiqc.core.file_search                           [INFO   ]  Search path: /Users/dhusiakalyani/flowQC/NextflowQC/work/f5/7e15bd5408c974bf11533abd7d8287/UHR_Rep1_ERCC.read2_fastqc.zip
[2025-02-20 21:29:41,165] multiqc.core.file_search                           [INFO   ]  Search path: /Users/dhusiakalyani/flowQC/NextflowQC/work/f5/7e15bd5408c974bf11533abd7d8287/HBR_Rep1_ERCC.read1_fastqc.html
[2025-02-20 21:29:41,165] multiqc.core.file_search                           [INFO   ]  Search path: /Users/dhusiakalyani/flowQC/NextflowQC/work/f5/7e15bd5408c974bf11533abd7d8287/HBR_Rep1_ERCC.read1_fastqc.zip
[2025-02-20 21:29:41,165] multiqc.core.file_search                           [INFO   ]  Search path: /Users/dhusiakalyani/flowQC/NextflowQC/work/f5/7e15bd5408c974bf11533abd7d8287/UHR_Rep1_ERCC.read1_fastqc.html
[2025-02-20 21:29:41,165] multiqc.core.file_search                           [INFO   ]  Search path: /Users/dhusiakalyani/flowQC/NextflowQC/work/f5/7e15bd5408c974bf11533abd7d8287/UHR_Rep1_ERCC.read1_fastqc.zip
[2025-02-20 21:29:41,543] multiqc.modules.fastqc.fastqc                      [INFO   ]  Found 12 reports
